<?xml version="1.0" encoding="UTF-8"?>
<!-- Generated by org.testng.reporters.JUnitXMLReporter -->
<testsuite ignored="0" hostname="MSI" failures="0" tests="16" name="Default test" time="1.907" errors="0" timestamp="2023-12-08T11:24:55 ICT">
  <testcase classname="nhom2.test.cong.SanPhamThemTest" name="testThemSanPham" time="0.872"/>
  <testcase classname="nhom2.test.cong.SanPhamThemTest" name="testThemSanPhamGiaAm" time="0.143"/>
  <testcase classname="nhom2.test.cong.SanPhamThemTest" name="testThemSanPhamSoLuongAm" time="0.044"/>
  <testcase classname="nhom2.test.cong.SanPhamThemTest" name="testThemSanPhamThieuDuLieu" time="0.045"/>
  <testcase classname="nhom2.test.cong.SanPhamThemTest" name="testThemSanPhamThieuDuLieu" time="0.023"/>
  <testcase classname="nhom2.test.cong.SanPhamThemTest" name="testThemSanPhamThieuDuLieu" time="0.057"/>
  <testcase classname="nhom2.test.cong.SanPhamThemTest" name="testThemSanPhamThieuDuLieu" time="0.1"/>
  <testcase classname="nhom2.test.cong.SanPhamThemTest" name="testThemSanPhamThieuDuLieu" time="0.081"/>
  <testcase classname="nhom2.test.cong.SanPhamThemTest" name="testThemSanPhamThieuDuLieu" time="0.07"/>
  <testcase classname="nhom2.test.cong.SanPhamThemTest" name="testThemSanPhamThieuDuLieu" time="0.087"/>
  <testcase classname="nhom2.test.cong.SanPhamThemTest" name="testThemSanPhamThieuDuLieu" time="0.057"/>
  <testcase classname="nhom2.test.cong.SanPhamThemTest" name="testThemSanPhamThieuDuLieu" time="0.042"/>
  <testcase classname="nhom2.test.cong.SanPhamThemTest" name="testThemSanPhamThieuDuLieu" time="0.036"/>
  <testcase classname="nhom2.test.cong.SanPhamThemTest" name="testThemSanPhamThieuDuLieu" time="0.052"/>
  <testcase classname="nhom2.test.cong.SanPhamThemTest" name="testThemSanPhamThieuDuLieu" time="0.041"/>
  <testcase classname="nhom2.test.cong.SanPhamThemTest" name="testThemSanPhamThieuDuLieu" time="0.036"/>
</testsuite> <!-- Default test -->
