<?xml version="1.0" encoding="UTF-8"?>
<!-- Generated by org.testng.reporters.JUnitXMLReporter -->
<testsuite ignored="0" hostname="DESKTOP-6ESH65I" failures="0" tests="16" name="Default test" time="6.76" errors="0" timestamp="2023-12-11T15:37:28 ICT">
  <testcase classname="nhom2.test.cong.SanPhamThemTest" name="testThemSanPham" time="1.865"/>
  <testcase classname="nhom2.test.cong.SanPhamThemTest" name="testThemSanPhamGiaAm" time="0.249"/>
  <testcase classname="nhom2.test.cong.SanPhamThemTest" name="testThemSanPhamSoLuongAm" time="0.226"/>
  <testcase classname="nhom2.test.cong.SanPhamThemTest" name="testThemSanPhamThieuDuLieu" time="0.3"/>
  <testcase classname="nhom2.test.cong.SanPhamThemTest" name="testThemSanPhamThieuDuLieu" time="0.053"/>
  <testcase classname="nhom2.test.cong.SanPhamThemTest" name="testThemSanPhamThieuDuLieu" time="0.04"/>
  <testcase classname="nhom2.test.cong.SanPhamThemTest" name="testThemSanPhamThieuDuLieu" time="0.233"/>
  <testcase classname="nhom2.test.cong.SanPhamThemTest" name="testThemSanPhamThieuDuLieu" time="0.037"/>
  <testcase classname="nhom2.test.cong.SanPhamThemTest" name="testThemSanPhamThieuDuLieu" time="0.025"/>
  <testcase classname="nhom2.test.cong.SanPhamThemTest" name="testThemSanPhamThieuDuLieu" time="0.432"/>
  <testcase classname="nhom2.test.cong.SanPhamThemTest" name="testThemSanPhamThieuDuLieu" time="0.086"/>
  <testcase classname="nhom2.test.cong.SanPhamThemTest" name="testThemSanPhamThieuDuLieu" time="0.219"/>
  <testcase classname="nhom2.test.cong.SanPhamThemTest" name="testThemSanPhamThieuDuLieu" time="0.052"/>
  <testcase classname="nhom2.test.cong.SanPhamThemTest" name="testThemSanPhamThieuDuLieu" time="0.046"/>
  <testcase classname="nhom2.test.cong.SanPhamThemTest" name="testThemSanPhamThieuDuLieu" time="0.209"/>
  <testcase classname="nhom2.test.cong.SanPhamThemTest" name="testThemSanPhamThieuDuLieu" time="0.064"/>
</testsuite> <!-- Default test -->
