<?xml version="1.0" encoding="UTF-8"?>
<testng-results ignored="0" total="1" passed="1" failed="0" skipped="0">
  <reporter-output>
  </reporter-output>
  <suite started-at="2023-12-07T14:44:56 ICT" name="Default suite" finished-at="2023-12-07T14:44:57 ICT" duration-ms="998">
    <groups>
    </groups>
    <test started-at="2023-12-07T14:44:56 ICT" name="Default test" finished-at="2023-12-07T14:44:57 ICT" duration-ms="998">
      <class name="nhom2.test.cong.SanPhamXoa">
        <test-method signature="xoaSanPham()[pri:0, instance:nhom2.test.cong.SanPhamXoa@689604d9]" started-at="2023-12-07T14:44:56 ICT" name="xoaSanPham" finished-at="2023-12-07T14:44:57 ICT" duration-ms="922" status="PASS">
          <reporter-output>
          </reporter-output>
        </test-method> <!-- xoaSanPham -->
      </class> <!-- nhom2.test.cong.SanPhamXoa -->
    </test> <!-- Default test -->
  </suite> <!-- Default suite -->
</testng-results>
